[debug] [2022-08-31T03:11:48.403Z] ----------------------------------------------------------------------
[debug] [2022-08-31T03:11:48.405Z] Command:       C:\Program Files\nodejs\node.exe C:\Users\flapp\AppData\Roaming\npm\node_modules\firebase-tools\lib\bin\firebase.js init
[debug] [2022-08-31T03:11:48.406Z] CLI Version:   9.23.0
[debug] [2022-08-31T03:11:48.406Z] Platform:      win32
[debug] [2022-08-31T03:11:48.406Z] Node Version:  v16.13.0
[debug] [2022-08-31T03:11:48.406Z] Time:          Tue Aug 30 2022 22:11:48 GMT-0500 (Central Daylight Time)
[debug] [2022-08-31T03:11:48.407Z] ----------------------------------------------------------------------
[debug] 
[debug] [2022-08-31T03:11:48.451Z] > command requires scopes: ["email","openid","https://www.googleapis.com/auth/cloudplatformprojects.readonly","https://www.googleapis.com/auth/firebase","https://www.googleapis.com/auth/cloud-platform"]
[debug] [2022-08-31T03:11:48.452Z] > authorizing via signed-in user (ricardo.cardenas.personal@gmail.com)
[info] 
     ######## #### ########  ######## ########     ###     ######  ########
     ##        ##  ##     ## ##       ##     ##  ##   ##  ##       ##
     ######    ##  ########  ######   ########  #########  ######  ######
     ##        ##  ##    ##  ##       ##     ## ##     ##       ## ##
     ##       #### ##     ## ######## ########  ##     ##  ######  ########

You're about to initialize a Firebase project in this directory:

  C:\Users\flapp\Documents\GitHub\Portfolio\Eddytors_(JS)\Eddytors\client

Before we get started, keep in mind:

  * You are initializing within an existing Firebase project directory

[info] 
=== Project Setup
[info] 
[info] First, let's associate this project directory with a Firebase project.
[info] You can create multiple project aliases by running firebase use --add, 
[info] but for now we'll just set up a default project.
[info] 
[debug] [2022-08-31T03:12:04.959Z] > refreshing access token with scopes: []
[debug] [2022-08-31T03:12:04.959Z] >>> HTTP REQUEST POST https://www.googleapis.com/oauth2/v3/token  
 <request body omitted>
[debug] [2022-08-31T03:12:05.120Z] <<< HTTP RESPONSE 200 {"cache-control":"no-cache, no-store, max-age=0, must-revalidate","date":"Wed, 31 Aug 2022 03:12:46 GMT","expires":"Mon, 01 Jan 1990 00:00:00 GMT","pragma":"no-cache","content-type":"application/json; charset=utf-8","vary":"X-Origin, Referer, Origin,Accept-Encoding","server":"scaffolding on HTTPServer2","x-xss-protection":"0","x-frame-options":"SAMEORIGIN","x-content-type-options":"nosniff","alt-svc":"h3=\":443\"; ma=2592000,h3-29=\":443\"; ma=2592000,h3-Q050=\":443\"; ma=2592000,h3-Q046=\":443\"; ma=2592000,h3-Q043=\":443\"; ma=2592000,quic=\":443\"; ma=2592000; v=\"46,43\"","accept-ranges":"none","transfer-encoding":"chunked"}
[debug] [2022-08-31T03:12:05.127Z] >>> [apiv2][query] GET https://firebase.googleapis.com/v1beta1/projects/portfolio-project-24de4 [none]
[debug] [2022-08-31T03:12:05.466Z] <<< [apiv2][status] GET https://firebase.googleapis.com/v1beta1/projects/portfolio-project-24de4 200
[debug] [2022-08-31T03:12:05.466Z] <<< [apiv2][body] GET https://firebase.googleapis.com/v1beta1/projects/portfolio-project-24de4 {"projectId":"portfolio-project-24de4","projectNumber":"981120349260","displayName":"portfolio-project","name":"projects/portfolio-project-24de4","resources":{"hostingSite":"portfolio-project-24de4"},"state":"ACTIVE","etag":"1_8f0f0b44-5eee-426e-8d6f-4fb48061f119"}
[info] i  Using project portfolio-project-24de4 (portfolio-project) 
[info] 
=== Hosting Setup
[info] 
[info] Your public directory is the folder (relative to your project directory) that
[info] will contain Hosting assets to be uploaded with firebase deploy. If you
[info] have a build process for your assets, use your build's output directory.
[info] 
[debug] [2022-08-31T03:12:36.594Z] ----------------------------------------------------------------------
[debug] [2022-08-31T03:12:36.596Z] Command:       C:\Program Files\nodejs\node.exe C:\Users\flapp\AppData\Roaming\npm\node_modules\firebase-tools\lib\bin\firebase.js init
[debug] [2022-08-31T03:12:36.597Z] CLI Version:   9.23.0
[debug] [2022-08-31T03:12:36.597Z] Platform:      win32
[debug] [2022-08-31T03:12:36.597Z] Node Version:  v16.13.0
[debug] [2022-08-31T03:12:36.598Z] Time:          Tue Aug 30 2022 22:12:36 GMT-0500 (Central Daylight Time)
[debug] [2022-08-31T03:12:36.598Z] ----------------------------------------------------------------------
[debug] 
[debug] [2022-08-31T03:12:36.641Z] > command requires scopes: ["email","openid","https://www.googleapis.com/auth/cloudplatformprojects.readonly","https://www.googleapis.com/auth/firebase","https://www.googleapis.com/auth/cloud-platform"]
[debug] [2022-08-31T03:12:36.642Z] > authorizing via signed-in user (ricardo.cardenas.personal@gmail.com)
[info] 
     ######## #### ########  ######## ########     ###     ######  ########
     ##        ##  ##     ## ##       ##     ##  ##   ##  ##       ##
     ######    ##  ########  ######   ########  #########  ######  ######
     ##        ##  ##    ##  ##       ##     ## ##     ##       ## ##
     ##       #### ##     ## ######## ########  ##     ##  ######  ########

You're about to initialize a Firebase project in this directory:

  C:\Users\flapp\Documents\GitHub\Portfolio\Eddytors_(JS)\Eddytors\client

Before we get started, keep in mind:

  * You are initializing within an existing Firebase project directory

[info] 
=== Project Setup
[info] 
[info] First, let's associate this project directory with a Firebase project.
[info] You can create multiple project aliases by running firebase use --add, 
[info] but for now we'll just set up a default project.
[info] 
[debug] [2022-08-31T03:12:47.342Z] >>> [apiv2][query] GET https://firebase.googleapis.com/v1beta1/projects/portfolio-project-24de4 [none]
[debug] [2022-08-31T03:12:47.582Z] <<< [apiv2][status] GET https://firebase.googleapis.com/v1beta1/projects/portfolio-project-24de4 200
[debug] [2022-08-31T03:12:47.583Z] <<< [apiv2][body] GET https://firebase.googleapis.com/v1beta1/projects/portfolio-project-24de4 {"projectId":"portfolio-project-24de4","projectNumber":"981120349260","displayName":"portfolio-project","name":"projects/portfolio-project-24de4","resources":{"hostingSite":"portfolio-project-24de4"},"state":"ACTIVE","etag":"1_8f0f0b44-5eee-426e-8d6f-4fb48061f119"}
[info] i  Using project portfolio-project-24de4 (portfolio-project) 
[info] 
=== Hosting Setup
[info] 
[info] Your public directory is the folder (relative to your project directory) that
[info] will contain Hosting assets to be uploaded with firebase deploy. If you
[info] have a build process for your assets, use your build's output directory.
[info] 
[debug] [2022-08-31T03:13:17.723Z] ----------------------------------------------------------------------
[debug] [2022-08-31T03:13:17.725Z] Command:       C:\Program Files\nodejs\node.exe C:\Users\flapp\AppData\Roaming\npm\node_modules\firebase-tools\lib\bin\firebase.js init
[debug] [2022-08-31T03:13:17.725Z] CLI Version:   9.23.0
[debug] [2022-08-31T03:13:17.725Z] Platform:      win32
[debug] [2022-08-31T03:13:17.725Z] Node Version:  v16.13.0
[debug] [2022-08-31T03:13:17.726Z] Time:          Tue Aug 30 2022 22:13:17 GMT-0500 (Central Daylight Time)
[debug] [2022-08-31T03:13:17.726Z] ----------------------------------------------------------------------
[debug] 
[debug] [2022-08-31T03:13:17.770Z] > command requires scopes: ["email","openid","https://www.googleapis.com/auth/cloudplatformprojects.readonly","https://www.googleapis.com/auth/firebase","https://www.googleapis.com/auth/cloud-platform"]
[debug] [2022-08-31T03:13:17.770Z] > authorizing via signed-in user (ricardo.cardenas.personal@gmail.com)
[info] 
     ######## #### ########  ######## ########     ###     ######  ########
     ##        ##  ##     ## ##       ##     ##  ##   ##  ##       ##
     ######    ##  ########  ######   ########  #########  ######  ######
     ##        ##  ##    ##  ##       ##     ## ##     ##       ## ##
     ##       #### ##     ## ######## ########  ##     ##  ######  ########

You're about to initialize a Firebase project in this directory:

  C:\Users\flapp\Documents\GitHub\Portfolio\Eddytors_(JS)\Eddytors\client

Before we get started, keep in mind:

  * You are initializing within an existing Firebase project directory

[info] 
=== Project Setup
[info] 
[info] First, let's associate this project directory with a Firebase project.
[info] You can create multiple project aliases by running firebase use --add, 
[info] but for now we'll just set up a default project.
[info] 
[debug] [2022-08-31T03:13:24.875Z] >>> [apiv2][query] GET https://firebase.googleapis.com/v1beta1/projects/portfolio-project-24de4 [none]
[debug] [2022-08-31T03:13:25.128Z] <<< [apiv2][status] GET https://firebase.googleapis.com/v1beta1/projects/portfolio-project-24de4 200
[debug] [2022-08-31T03:13:25.128Z] <<< [apiv2][body] GET https://firebase.googleapis.com/v1beta1/projects/portfolio-project-24de4 {"projectId":"portfolio-project-24de4","projectNumber":"981120349260","displayName":"portfolio-project","name":"projects/portfolio-project-24de4","resources":{"hostingSite":"portfolio-project-24de4"},"state":"ACTIVE","etag":"1_8f0f0b44-5eee-426e-8d6f-4fb48061f119"}
[info] i  Using project portfolio-project-24de4 (portfolio-project) 
[info] 
=== Hosting Setup
[info] 
[info] Your public directory is the folder (relative to your project directory) that
[info] will contain Hosting assets to be uploaded with firebase deploy. If you
[info] have a build process for your assets, use your build's output directory.
[info] 
[debug] [2022-08-31T03:14:07.341Z] ----------------------------------------------------------------------
[debug] [2022-08-31T03:14:07.344Z] Command:       C:\Program Files\nodejs\node.exe C:\Users\flapp\AppData\Roaming\npm\node_modules\firebase-tools\lib\bin\firebase.js init
[debug] [2022-08-31T03:14:07.344Z] CLI Version:   9.23.0
[debug] [2022-08-31T03:14:07.344Z] Platform:      win32
[debug] [2022-08-31T03:14:07.344Z] Node Version:  v16.13.0
[debug] [2022-08-31T03:14:07.345Z] Time:          Tue Aug 30 2022 22:14:07 GMT-0500 (Central Daylight Time)
[debug] [2022-08-31T03:14:07.345Z] ----------------------------------------------------------------------
[debug] 
[debug] [2022-08-31T03:14:07.401Z] > command requires scopes: ["email","openid","https://www.googleapis.com/auth/cloudplatformprojects.readonly","https://www.googleapis.com/auth/firebase","https://www.googleapis.com/auth/cloud-platform"]
[debug] [2022-08-31T03:14:07.401Z] > authorizing via signed-in user (ricardo.cardenas.personal@gmail.com)
[info] 
     ######## #### ########  ######## ########     ###     ######  ########
     ##        ##  ##     ## ##       ##     ##  ##   ##  ##       ##
     ######    ##  ########  ######   ########  #########  ######  ######
     ##        ##  ##    ##  ##       ##     ## ##     ##       ## ##
     ##       #### ##     ## ######## ########  ##     ##  ######  ########

You're about to initialize a Firebase project in this directory:

  C:\Users\flapp\Documents\GitHub\Portfolio\Eddytors_(JS)\Eddytors\client

Before we get started, keep in mind:

  * You are initializing within an existing Firebase project directory

[info] 
=== Project Setup
[info] 
[info] First, let's associate this project directory with a Firebase project.
[info] You can create multiple project aliases by running firebase use --add, 
[info] but for now we'll just set up a default project.
[info] 
[info] i  .firebaserc already has a default project, using  . 
[debug] [2022-08-31T03:14:17.012Z] >>> [apiv2][query] GET https://firebase.googleapis.com/v1beta1/projects/  [none]
[debug] [2022-08-31T03:14:17.278Z] <<< [apiv2][status] GET https://firebase.googleapis.com/v1beta1/projects/  200
[debug] [2022-08-31T03:14:17.278Z] <<< [apiv2][body] GET https://firebase.googleapis.com/v1beta1/projects/  {"results":[{"projectId":"portfolio-eddytors","projectNumber":"226866923476","displayName":"portfolio-eddytors","name":"projects/portfolio-eddytors","resources":{"hostingSite":"portfolio-eddytors"},"state":"ACTIVE","etag":"1_d88f8ad1-007e-4d4a-bf12-0f94aca24a36"},{"projectId":"portfolio-rosas-bakery","projectNumber":"976379089181","displayName":"portfolio-rosas-bakery","name":"projects/portfolio-rosas-bakery","resources":{"hostingSite":"portfolio-rosas-bakery"},"state":"ACTIVE","etag":"1_d5b99496-b9b4-43f5-a7c3-9e6c36f363cb"}]}
[info] 
=== Hosting Setup
[info] 
[info] Your public directory is the folder (relative to your project directory) that
[info] will contain Hosting assets to be uploaded with firebase deploy. If you
[info] have a build process for your assets, use your build's output directory.
[info] 
[debug] [2022-08-31T03:14:44.821Z] ----------------------------------------------------------------------
[debug] [2022-08-31T03:14:44.823Z] Command:       C:\Program Files\nodejs\node.exe C:\Users\flapp\AppData\Roaming\npm\node_modules\firebase-tools\lib\bin\firebase.js init
[debug] [2022-08-31T03:14:44.823Z] CLI Version:   9.23.0
[debug] [2022-08-31T03:14:44.823Z] Platform:      win32
[debug] [2022-08-31T03:14:44.823Z] Node Version:  v16.13.0
[debug] [2022-08-31T03:14:44.824Z] Time:          Tue Aug 30 2022 22:14:44 GMT-0500 (Central Daylight Time)
[debug] [2022-08-31T03:14:44.824Z] ----------------------------------------------------------------------
[debug] 
[debug] [2022-08-31T03:14:44.885Z] > command requires scopes: ["email","openid","https://www.googleapis.com/auth/cloudplatformprojects.readonly","https://www.googleapis.com/auth/firebase","https://www.googleapis.com/auth/cloud-platform"]
[debug] [2022-08-31T03:14:44.885Z] > authorizing via signed-in user (ricardo.cardenas.personal@gmail.com)
[info] 
     ######## #### ########  ######## ########     ###     ######  ########
     ##        ##  ##     ## ##       ##     ##  ##   ##  ##       ##
     ######    ##  ########  ######   ########  #########  ######  ######
     ##        ##  ##    ##  ##       ##     ## ##     ##       ## ##
     ##       #### ##     ## ######## ########  ##     ##  ######  ########

You're about to initialize a Firebase project in this directory:

  C:\Users\flapp\Documents\GitHub\Portfolio\Eddytors_(JS)\Eddytors\client

Before we get started, keep in mind:

  * You are initializing within an existing Firebase project directory

[info] 
=== Project Setup
[info] 
[info] First, let's associate this project directory with a Firebase project.
[info] You can create multiple project aliases by running firebase use --add, 
[info] but for now we'll just set up a default project.
[info] 
[debug] [2022-08-31T03:14:53.331Z] >>> [apiv2][query] GET https://firebase.googleapis.com/v1beta1/projects/portfolio-project-24de4 [none]
[debug] [2022-08-31T03:14:53.560Z] <<< [apiv2][status] GET https://firebase.googleapis.com/v1beta1/projects/portfolio-project-24de4 200
[debug] [2022-08-31T03:14:53.561Z] <<< [apiv2][body] GET https://firebase.googleapis.com/v1beta1/projects/portfolio-project-24de4 {"projectId":"portfolio-project-24de4","projectNumber":"981120349260","displayName":"portfolio-project","name":"projects/portfolio-project-24de4","resources":{"hostingSite":"portfolio-project-24de4"},"state":"ACTIVE","etag":"1_8f0f0b44-5eee-426e-8d6f-4fb48061f119"}
[info] i  Using project portfolio-project-24de4 (portfolio-project) 
[info] 
=== Hosting Setup
[info] 
[info] Your public directory is the folder (relative to your project directory) that
[info] will contain Hosting assets to be uploaded with firebase deploy. If you
[info] have a build process for your assets, use your build's output directory.
[info] 
[debug] [2022-08-31T03:15:28.394Z] ----------------------------------------------------------------------
[debug] [2022-08-31T03:15:28.396Z] Command:       C:\Program Files\nodejs\node.exe C:\Users\flapp\AppData\Roaming\npm\node_modules\firebase-tools\lib\bin\firebase.js init
[debug] [2022-08-31T03:15:28.397Z] CLI Version:   9.23.0
[debug] [2022-08-31T03:15:28.397Z] Platform:      win32
[debug] [2022-08-31T03:15:28.397Z] Node Version:  v16.13.0
[debug] [2022-08-31T03:15:28.398Z] Time:          Tue Aug 30 2022 22:15:28 GMT-0500 (Central Daylight Time)
[debug] [2022-08-31T03:15:28.398Z] ----------------------------------------------------------------------
[debug] 
[debug] [2022-08-31T03:15:28.472Z] > command requires scopes: ["email","openid","https://www.googleapis.com/auth/cloudplatformprojects.readonly","https://www.googleapis.com/auth/firebase","https://www.googleapis.com/auth/cloud-platform"]
[debug] [2022-08-31T03:15:28.473Z] > authorizing via signed-in user (ricardo.cardenas.personal@gmail.com)
[info] 
     ######## #### ########  ######## ########     ###     ######  ########
     ##        ##  ##     ## ##       ##     ##  ##   ##  ##       ##
     ######    ##  ########  ######   ########  #########  ######  ######
     ##        ##  ##    ##  ##       ##     ## ##     ##       ## ##
     ##       #### ##     ## ######## ########  ##     ##  ######  ########

You're about to initialize a Firebase project in this directory:

  C:\Users\flapp\Documents\GitHub\Portfolio\Eddytors_(JS)\Eddytors\client

Before we get started, keep in mind:

  * You are initializing within an existing Firebase project directory

[info] 
=== Project Setup
[info] 
[info] First, let's associate this project directory with a Firebase project.
[info] You can create multiple project aliases by running firebase use --add, 
[info] but for now we'll just set up a default project.
[info] 
[debug] [2022-08-31T03:15:34.162Z] >>> [apiv2][query] GET https://firebase.googleapis.com/v1beta1/projects/portfolio-project-24de4 [none]
[debug] [2022-08-31T03:15:34.372Z] <<< [apiv2][status] GET https://firebase.googleapis.com/v1beta1/projects/portfolio-project-24de4 200
[debug] [2022-08-31T03:15:34.372Z] <<< [apiv2][body] GET https://firebase.googleapis.com/v1beta1/projects/portfolio-project-24de4 {"projectId":"portfolio-project-24de4","projectNumber":"981120349260","displayName":"portfolio-project","name":"projects/portfolio-project-24de4","resources":{"hostingSite":"portfolio-project-24de4"},"state":"ACTIVE","etag":"1_8f0f0b44-5eee-426e-8d6f-4fb48061f119"}
[info] i  Using project portfolio-project-24de4 (portfolio-project) 
[info] 
=== Hosting Setup
[info] 
[info] Your public directory is the folder (relative to your project directory) that
[info] will contain Hosting assets to be uploaded with firebase deploy. If you
[info] have a build process for your assets, use your build's output directory.
[info] 
[debug] [2022-08-31T03:16:00.037Z] ----------------------------------------------------------------------
[debug] [2022-08-31T03:16:00.038Z] Command:       C:\Program Files\nodejs\node.exe C:\Users\flapp\AppData\Roaming\npm\node_modules\firebase-tools\lib\bin\firebase.js init
[debug] [2022-08-31T03:16:00.039Z] CLI Version:   9.23.0
[debug] [2022-08-31T03:16:00.039Z] Platform:      win32
[debug] [2022-08-31T03:16:00.039Z] Node Version:  v16.13.0
[debug] [2022-08-31T03:16:00.040Z] Time:          Tue Aug 30 2022 22:16:00 GMT-0500 (Central Daylight Time)
[debug] [2022-08-31T03:16:00.040Z] ----------------------------------------------------------------------
[debug] 
[warn] !  JSON error trying to load C:\Users\flapp\Documents\GitHub\Portfolio\Eddytors_(JS)\Eddytors\client\.firebaserc 
[debug] [2022-08-31T03:16:00.089Z] > command requires scopes: ["email","openid","https://www.googleapis.com/auth/cloudplatformprojects.readonly","https://www.googleapis.com/auth/firebase","https://www.googleapis.com/auth/cloud-platform"]
[debug] [2022-08-31T03:16:00.089Z] > authorizing via signed-in user (ricardo.cardenas.personal@gmail.com)
[info] 
     ######## #### ########  ######## ########     ###     ######  ########
     ##        ##  ##     ## ##       ##     ##  ##   ##  ##       ##
     ######    ##  ########  ######   ########  #########  ######  ######
     ##        ##  ##    ##  ##       ##     ## ##     ##       ## ##
     ##       #### ##     ## ######## ########  ##     ##  ######  ########

You're about to initialize a Firebase project in this directory:

  C:\Users\flapp\Documents\GitHub\Portfolio\Eddytors_(JS)\Eddytors\client

Before we get started, keep in mind:

  * You are initializing within an existing Firebase project directory

[info] 
=== Project Setup
[info] 
[info] First, let's associate this project directory with a Firebase project.
[info] You can create multiple project aliases by running firebase use --add, 
[info] but for now we'll just set up a default project.
[info] 
[debug] [2022-08-31T03:16:08.550Z] >>> [apiv2][query] GET https://firebase.googleapis.com/v1beta1/projects/portfolio-project-24de4 [none]
[debug] [2022-08-31T03:16:08.894Z] <<< [apiv2][status] GET https://firebase.googleapis.com/v1beta1/projects/portfolio-project-24de4 200
[debug] [2022-08-31T03:16:08.895Z] <<< [apiv2][body] GET https://firebase.googleapis.com/v1beta1/projects/portfolio-project-24de4 {"projectId":"portfolio-project-24de4","projectNumber":"981120349260","displayName":"portfolio-project","name":"projects/portfolio-project-24de4","resources":{"hostingSite":"portfolio-project-24de4"},"state":"ACTIVE","etag":"1_8f0f0b44-5eee-426e-8d6f-4fb48061f119"}
[info] i  Using project portfolio-project-24de4 (portfolio-project) 
[info] 
=== Hosting Setup
[info] 
[info] Your public directory is the folder (relative to your project directory) that
[info] will contain Hosting assets to be uploaded with firebase deploy. If you
[info] have a build process for your assets, use your build's output directory.
[info] 
[debug] [2022-08-31T03:16:51.065Z] ----------------------------------------------------------------------
[debug] [2022-08-31T03:16:51.067Z] Command:       C:\Program Files\nodejs\node.exe C:\Users\flapp\AppData\Roaming\npm\node_modules\firebase-tools\lib\bin\firebase.js init
[debug] [2022-08-31T03:16:51.068Z] CLI Version:   9.23.0
[debug] [2022-08-31T03:16:51.068Z] Platform:      win32
[debug] [2022-08-31T03:16:51.068Z] Node Version:  v16.13.0
[debug] [2022-08-31T03:16:51.069Z] Time:          Tue Aug 30 2022 22:16:51 GMT-0500 (Central Daylight Time)
[debug] [2022-08-31T03:16:51.069Z] ----------------------------------------------------------------------
[debug] 
[debug] [2022-08-31T03:16:51.112Z] > command requires scopes: ["email","openid","https://www.googleapis.com/auth/cloudplatformprojects.readonly","https://www.googleapis.com/auth/firebase","https://www.googleapis.com/auth/cloud-platform"]
[debug] [2022-08-31T03:16:51.112Z] > authorizing via signed-in user (ricardo.cardenas.personal@gmail.com)
[info] 
     ######## #### ########  ######## ########     ###     ######  ########
     ##        ##  ##     ## ##       ##     ##  ##   ##  ##       ##
     ######    ##  ########  ######   ########  #########  ######  ######
     ##        ##  ##    ##  ##       ##     ## ##     ##       ## ##
     ##       #### ##     ## ######## ########  ##     ##  ######  ########

You're about to initialize a Firebase project in this directory:

  C:\Users\flapp\Documents\GitHub\Portfolio\Eddytors_(JS)\Eddytors\client

Before we get started, keep in mind:

  * You are initializing within an existing Firebase project directory

[info] 
=== Project Setup
[info] 
[info] First, let's associate this project directory with a Firebase project.
[info] You can create multiple project aliases by running firebase use --add, 
[info] but for now we'll just set up a default project.
[info] 
[info] i  .firebaserc already has a default project, using  . 
[debug] [2022-08-31T03:16:57.684Z] >>> [apiv2][query] GET https://firebase.googleapis.com/v1beta1/projects/  [none]
[debug] [2022-08-31T03:16:57.996Z] <<< [apiv2][status] GET https://firebase.googleapis.com/v1beta1/projects/  200
[debug] [2022-08-31T03:16:57.997Z] <<< [apiv2][body] GET https://firebase.googleapis.com/v1beta1/projects/  {"results":[{"projectId":"portfolio-eddytors","projectNumber":"226866923476","displayName":"portfolio-eddytors","name":"projects/portfolio-eddytors","resources":{"hostingSite":"portfolio-eddytors"},"state":"ACTIVE","etag":"1_d88f8ad1-007e-4d4a-bf12-0f94aca24a36"},{"projectId":"portfolio-rosas-bakery","projectNumber":"976379089181","displayName":"portfolio-rosas-bakery","name":"projects/portfolio-rosas-bakery","resources":{"hostingSite":"portfolio-rosas-bakery"},"state":"ACTIVE","etag":"1_d5b99496-b9b4-43f5-a7c3-9e6c36f363cb"}]}
[info] 
=== Hosting Setup
[info] 
[info] Your public directory is the folder (relative to your project directory) that
[info] will contain Hosting assets to be uploaded with firebase deploy. If you
[info] have a build process for your assets, use your build's output directory.
[info] 
